2020-07-28 08:29:35 0 DEBUG [main] - CookieSpec selected: standard
2020-07-28 08:29:35 220 DEBUG [main] - Auth cache not set in the context
2020-07-28 08:29:35 224 DEBUG [main] - Connection request: [route: {s}->https://chromedriver.storage.googleapis.com:443][total kept alive: 0; route allocated: 0 of 2; total allocated: 0 of 20]
2020-07-28 08:29:35 341 DEBUG [main] - Connection leased: [id: 0][route: {s}->https://chromedriver.storage.googleapis.com:443][total kept alive: 0; route allocated: 1 of 2; total allocated: 1 of 20]
2020-07-28 08:29:35 362 DEBUG [main] - Opening connection {s}->https://chromedriver.storage.googleapis.com:443
2020-07-28 08:29:35 634 DEBUG [main] - Connecting to chromedriver.storage.googleapis.com/172.217.167.16:443
2020-07-28 08:29:35 635 DEBUG [main] - Connecting socket to chromedriver.storage.googleapis.com/172.217.167.16:443 with timeout 0
2020-07-28 08:29:37 1681 DEBUG [main] - Enabled protocols: [TLSv1, TLSv1.1, TLSv1.2]
2020-07-28 08:29:37 1682 DEBUG [main] - Enabled cipher suites:[TLS_ECDHE_ECDSA_WITH_AES_256_CBC_SHA384, TLS_ECDHE_RSA_WITH_AES_256_CBC_SHA384, TLS_RSA_WITH_AES_256_CBC_SHA256, TLS_ECDH_ECDSA_WITH_AES_256_CBC_SHA384, TLS_ECDH_RSA_WITH_AES_256_CBC_SHA384, TLS_DHE_RSA_WITH_AES_256_CBC_SHA256, TLS_DHE_DSS_WITH_AES_256_CBC_SHA256, TLS_ECDHE_ECDSA_WITH_AES_256_CBC_SHA, TLS_ECDHE_RSA_WITH_AES_256_CBC_SHA, TLS_RSA_WITH_AES_256_CBC_SHA, TLS_ECDH_ECDSA_WITH_AES_256_CBC_SHA, TLS_ECDH_RSA_WITH_AES_256_CBC_SHA, TLS_DHE_RSA_WITH_AES_256_CBC_SHA, TLS_DHE_DSS_WITH_AES_256_CBC_SHA, TLS_ECDHE_ECDSA_WITH_AES_128_CBC_SHA256, TLS_ECDHE_RSA_WITH_AES_128_CBC_SHA256, TLS_RSA_WITH_AES_128_CBC_SHA256, TLS_ECDH_ECDSA_WITH_AES_128_CBC_SHA256, TLS_ECDH_RSA_WITH_AES_128_CBC_SHA256, TLS_DHE_RSA_WITH_AES_128_CBC_SHA256, TLS_DHE_DSS_WITH_AES_128_CBC_SHA256, TLS_ECDHE_ECDSA_WITH_AES_128_CBC_SHA, TLS_ECDHE_RSA_WITH_AES_128_CBC_SHA, TLS_RSA_WITH_AES_128_CBC_SHA, TLS_ECDH_ECDSA_WITH_AES_128_CBC_SHA, TLS_ECDH_RSA_WITH_AES_128_CBC_SHA, TLS_DHE_RSA_WITH_AES_128_CBC_SHA, TLS_DHE_DSS_WITH_AES_128_CBC_SHA, TLS_ECDHE_ECDSA_WITH_AES_256_GCM_SHA384, TLS_ECDHE_ECDSA_WITH_AES_128_GCM_SHA256, TLS_ECDHE_RSA_WITH_AES_256_GCM_SHA384, TLS_RSA_WITH_AES_256_GCM_SHA384, TLS_ECDH_ECDSA_WITH_AES_256_GCM_SHA384, TLS_ECDH_RSA_WITH_AES_256_GCM_SHA384, TLS_DHE_RSA_WITH_AES_256_GCM_SHA384, TLS_DHE_DSS_WITH_AES_256_GCM_SHA384, TLS_ECDHE_RSA_WITH_AES_128_GCM_SHA256, TLS_RSA_WITH_AES_128_GCM_SHA256, TLS_ECDH_ECDSA_WITH_AES_128_GCM_SHA256, TLS_ECDH_RSA_WITH_AES_128_GCM_SHA256, TLS_DHE_RSA_WITH_AES_128_GCM_SHA256, TLS_DHE_DSS_WITH_AES_128_GCM_SHA256, TLS_EMPTY_RENEGOTIATION_INFO_SCSV]
2020-07-28 08:29:37 1683 DEBUG [main] - Starting handshake
2020-07-28 08:29:37 2658 DEBUG [main] - Secure session established
2020-07-28 08:29:37 2658 DEBUG [main] -  negotiated protocol: TLSv1.2
2020-07-28 08:29:37 2659 DEBUG [main] -  negotiated cipher suite: TLS_ECDHE_ECDSA_WITH_AES_128_GCM_SHA256
2020-07-28 08:29:37 2660 DEBUG [main] -  peer principal: CN=*.storage.googleapis.com, O=Google LLC, L=Mountain View, ST=California, C=US
2020-07-28 08:29:37 2661 DEBUG [main] -  peer alternative names: [*.storage.googleapis.com, *.appspot.com.storage.googleapis.com, *.commondatastorage.googleapis.com, *.content-storage-download.googleapis.com, *.content-storage-upload.googleapis.com, *.content-storage.googleapis.com, *.googleapis.com, *.storage-download.googleapis.com, *.storage-upload.googleapis.com, *.storage.select.googleapis.com, commondatastorage.googleapis.com, storage.googleapis.com, storage.select.googleapis.com, unfiltered.news]
2020-07-28 08:29:37 2661 DEBUG [main] -  issuer principal: CN=GTS CA 1O1, O=Google Trust Services, C=US
2020-07-28 08:29:37 2664 DEBUG [main] - Connection established 192.168.43.221:50776<->172.217.167.16:443
2020-07-28 08:29:37 2665 DEBUG [main] - http-outgoing-0: set socket timeout to 30000
2020-07-28 08:29:37 2666 DEBUG [main] - Executing request GET /LATEST_RELEASE HTTP/1.1
2020-07-28 08:29:37 2666 DEBUG [main] - Target auth state: UNCHALLENGED
2020-07-28 08:29:37 2667 DEBUG [main] - Proxy auth state: UNCHALLENGED
2020-07-28 08:29:37 2670 DEBUG [main] - http-outgoing-0 >> GET /LATEST_RELEASE HTTP/1.1
2020-07-28 08:29:37 2670 DEBUG [main] - http-outgoing-0 >> User-Agent: Apache-HttpClient/4.5.6
2020-07-28 08:29:37 2671 DEBUG [main] - http-outgoing-0 >> Connection: keep-alive
2020-07-28 08:29:37 2671 DEBUG [main] - http-outgoing-0 >> Host: chromedriver.storage.googleapis.com
2020-07-28 08:29:37 2673 DEBUG [main] - http-outgoing-0 >> Accept-Encoding: gzip,deflate
2020-07-28 08:29:37 2673 DEBUG [main] - http-outgoing-0 >> "GET /LATEST_RELEASE HTTP/1.1[\r][\n]"
2020-07-28 08:29:37 2674 DEBUG [main] - http-outgoing-0 >> "User-Agent: Apache-HttpClient/4.5.6[\r][\n]"
2020-07-28 08:29:37 2674 DEBUG [main] - http-outgoing-0 >> "Connection: keep-alive[\r][\n]"
2020-07-28 08:29:37 2674 DEBUG [main] - http-outgoing-0 >> "Host: chromedriver.storage.googleapis.com[\r][\n]"
2020-07-28 08:29:37 2675 DEBUG [main] - http-outgoing-0 >> "Accept-Encoding: gzip,deflate[\r][\n]"
2020-07-28 08:29:37 2675 DEBUG [main] - http-outgoing-0 >> "[\r][\n]"
2020-07-28 08:29:38 2837 DEBUG [main] - http-outgoing-0 << "HTTP/1.1 200 OK[\r][\n]"
2020-07-28 08:29:38 2837 DEBUG [main] - http-outgoing-0 << "X-GUploader-UploadID: AAANsUlYnTn8stjeMEn9AVX7plBVlXat3A_YqasBTMZOrzjTdrFk1Zz6EWJhuACrw6tDN82qn5J9IOKJ2VBXhclvXbT8lUe0yw[\r][\n]"
2020-07-28 08:29:38 2838 DEBUG [main] - http-outgoing-0 << "Expires: Tue, 28 Jul 2020 03:56:34 GMT[\r][\n]"
2020-07-28 08:29:38 2839 DEBUG [main] - http-outgoing-0 << "Date: Tue, 28 Jul 2020 02:56:34 GMT[\r][\n]"
2020-07-28 08:29:38 2840 DEBUG [main] - http-outgoing-0 << "Last-Modified: Fri, 24 Jul 2020 16:23:22 GMT[\r][\n]"
2020-07-28 08:29:38 2840 DEBUG [main] - http-outgoing-0 << "ETag: "f90fc89bccbabdd8582026a34268cdaf"[\r][\n]"
2020-07-28 08:29:38 2840 DEBUG [main] - http-outgoing-0 << "x-goog-generation: 1595607802210828[\r][\n]"
2020-07-28 08:29:38 2841 DEBUG [main] - http-outgoing-0 << "x-goog-metageneration: 1[\r][\n]"
2020-07-28 08:29:38 2841 DEBUG [main] - http-outgoing-0 << "x-goog-stored-content-encoding: identity[\r][\n]"
2020-07-28 08:29:38 2842 DEBUG [main] - http-outgoing-0 << "x-goog-stored-content-length: 12[\r][\n]"
2020-07-28 08:29:38 2842 DEBUG [main] - http-outgoing-0 << "Content-Type: text/plain[\r][\n]"
2020-07-28 08:29:38 2842 DEBUG [main] - http-outgoing-0 << "x-goog-hash: crc32c=BKzR+w==[\r][\n]"
2020-07-28 08:29:38 2843 DEBUG [main] - http-outgoing-0 << "x-goog-hash: md5=+Q/Im8y6vdhYICajQmjNrw==[\r][\n]"
2020-07-28 08:29:38 2843 DEBUG [main] - http-outgoing-0 << "x-goog-storage-class: STANDARD[\r][\n]"
2020-07-28 08:29:38 2843 DEBUG [main] - http-outgoing-0 << "Accept-Ranges: bytes[\r][\n]"
2020-07-28 08:29:38 2844 DEBUG [main] - http-outgoing-0 << "Content-Length: 12[\r][\n]"
2020-07-28 08:29:38 2844 DEBUG [main] - http-outgoing-0 << "Server: UploadServer[\r][\n]"
2020-07-28 08:29:38 2845 DEBUG [main] - http-outgoing-0 << "Cache-Control: public, max-age=3600[\r][\n]"
2020-07-28 08:29:38 2845 DEBUG [main] - http-outgoing-0 << "Age: 474[\r][\n]"
2020-07-28 08:29:38 2846 DEBUG [main] - http-outgoing-0 << "Alt-Svc: h3-29=":443"; ma=2592000,h3-27=":443"; ma=2592000,h3-T050=":443"; ma=2592000,h3-Q050=":443"; ma=2592000,h3-Q046=":443"; ma=2592000,h3-Q043=":443"; ma=2592000,quic=":443"; ma=2592000; v="46,43"[\r][\n]"
2020-07-28 08:29:38 2846 DEBUG [main] - http-outgoing-0 << "[\r][\n]"
2020-07-28 08:29:38 2847 DEBUG [main] - http-outgoing-0 << "84.0.4147.30"
2020-07-28 08:29:38 2854 DEBUG [main] - http-outgoing-0 << HTTP/1.1 200 OK
2020-07-28 08:29:38 2857 DEBUG [main] - http-outgoing-0 << X-GUploader-UploadID: AAANsUlYnTn8stjeMEn9AVX7plBVlXat3A_YqasBTMZOrzjTdrFk1Zz6EWJhuACrw6tDN82qn5J9IOKJ2VBXhclvXbT8lUe0yw
2020-07-28 08:29:38 2857 DEBUG [main] - http-outgoing-0 << Expires: Tue, 28 Jul 2020 03:56:34 GMT
2020-07-28 08:29:38 2858 DEBUG [main] - http-outgoing-0 << Date: Tue, 28 Jul 2020 02:56:34 GMT
2020-07-28 08:29:38 2858 DEBUG [main] - http-outgoing-0 << Last-Modified: Fri, 24 Jul 2020 16:23:22 GMT
2020-07-28 08:29:38 2859 DEBUG [main] - http-outgoing-0 << ETag: "f90fc89bccbabdd8582026a34268cdaf"
2020-07-28 08:29:38 2859 DEBUG [main] - http-outgoing-0 << x-goog-generation: 1595607802210828
2020-07-28 08:29:38 2860 DEBUG [main] - http-outgoing-0 << x-goog-metageneration: 1
2020-07-28 08:29:38 2860 DEBUG [main] - http-outgoing-0 << x-goog-stored-content-encoding: identity
2020-07-28 08:29:38 2861 DEBUG [main] - http-outgoing-0 << x-goog-stored-content-length: 12
2020-07-28 08:29:38 2861 DEBUG [main] - http-outgoing-0 << Content-Type: text/plain
2020-07-28 08:29:38 2861 DEBUG [main] - http-outgoing-0 << x-goog-hash: crc32c=BKzR+w==
2020-07-28 08:29:38 2862 DEBUG [main] - http-outgoing-0 << x-goog-hash: md5=+Q/Im8y6vdhYICajQmjNrw==
2020-07-28 08:29:38 2862 DEBUG [main] - http-outgoing-0 << x-goog-storage-class: STANDARD
2020-07-28 08:29:38 2863 DEBUG [main] - http-outgoing-0 << Accept-Ranges: bytes
2020-07-28 08:29:38 2863 DEBUG [main] - http-outgoing-0 << Content-Length: 12
2020-07-28 08:29:38 2864 DEBUG [main] - http-outgoing-0 << Server: UploadServer
2020-07-28 08:29:38 2864 DEBUG [main] - http-outgoing-0 << Cache-Control: public, max-age=3600
2020-07-28 08:29:38 2865 DEBUG [main] - http-outgoing-0 << Age: 474
2020-07-28 08:29:38 2865 DEBUG [main] - http-outgoing-0 << Alt-Svc: h3-29=":443"; ma=2592000,h3-27=":443"; ma=2592000,h3-T050=":443"; ma=2592000,h3-Q050=":443"; ma=2592000,h3-Q046=":443"; ma=2592000,h3-Q043=":443"; ma=2592000,quic=":443"; ma=2592000; v="46,43"
2020-07-28 08:29:38 2875 DEBUG [main] - Connection can be kept alive indefinitely
2020-07-28 08:29:38 2949 DEBUG [main] - Connection [id: 0][route: {s}->https://chromedriver.storage.googleapis.com:443] can be kept alive indefinitely
2020-07-28 08:29:38 2950 DEBUG [main] - http-outgoing-0: set socket timeout to 0
2020-07-28 08:29:38 2951 DEBUG [main] - Connection released: [id: 0][route: {s}->https://chromedriver.storage.googleapis.com:443][total kept alive: 1; route allocated: 1 of 2; total allocated: 1 of 20]
2020-07-28 08:31:02 87291 INFO  [main] - Open browser ,Entering appliction url and maximizing browser
2020-07-28 08:35:10 0 DEBUG [main] - CookieSpec selected: standard
2020-07-28 08:35:10 84 DEBUG [main] - Auth cache not set in the context
2020-07-28 08:35:10 86 DEBUG [main] - Connection request: [route: {s}->https://chromedriver.storage.googleapis.com:443][total kept alive: 0; route allocated: 0 of 2; total allocated: 0 of 20]
2020-07-28 08:35:10 133 DEBUG [main] - Connection leased: [id: 0][route: {s}->https://chromedriver.storage.googleapis.com:443][total kept alive: 0; route allocated: 1 of 2; total allocated: 1 of 20]
2020-07-28 08:35:10 136 DEBUG [main] - Opening connection {s}->https://chromedriver.storage.googleapis.com:443
2020-07-28 08:35:10 225 DEBUG [main] - Connecting to chromedriver.storage.googleapis.com/172.217.161.16:443
2020-07-28 08:35:10 225 DEBUG [main] - Connecting socket to chromedriver.storage.googleapis.com/172.217.161.16:443 with timeout 0
2020-07-28 08:35:11 611 DEBUG [main] - Enabled protocols: [TLSv1, TLSv1.1, TLSv1.2]
2020-07-28 08:35:11 611 DEBUG [main] - Enabled cipher suites:[TLS_ECDHE_ECDSA_WITH_AES_256_CBC_SHA384, TLS_ECDHE_RSA_WITH_AES_256_CBC_SHA384, TLS_RSA_WITH_AES_256_CBC_SHA256, TLS_ECDH_ECDSA_WITH_AES_256_CBC_SHA384, TLS_ECDH_RSA_WITH_AES_256_CBC_SHA384, TLS_DHE_RSA_WITH_AES_256_CBC_SHA256, TLS_DHE_DSS_WITH_AES_256_CBC_SHA256, TLS_ECDHE_ECDSA_WITH_AES_256_CBC_SHA, TLS_ECDHE_RSA_WITH_AES_256_CBC_SHA, TLS_RSA_WITH_AES_256_CBC_SHA, TLS_ECDH_ECDSA_WITH_AES_256_CBC_SHA, TLS_ECDH_RSA_WITH_AES_256_CBC_SHA, TLS_DHE_RSA_WITH_AES_256_CBC_SHA, TLS_DHE_DSS_WITH_AES_256_CBC_SHA, TLS_ECDHE_ECDSA_WITH_AES_128_CBC_SHA256, TLS_ECDHE_RSA_WITH_AES_128_CBC_SHA256, TLS_RSA_WITH_AES_128_CBC_SHA256, TLS_ECDH_ECDSA_WITH_AES_128_CBC_SHA256, TLS_ECDH_RSA_WITH_AES_128_CBC_SHA256, TLS_DHE_RSA_WITH_AES_128_CBC_SHA256, TLS_DHE_DSS_WITH_AES_128_CBC_SHA256, TLS_ECDHE_ECDSA_WITH_AES_128_CBC_SHA, TLS_ECDHE_RSA_WITH_AES_128_CBC_SHA, TLS_RSA_WITH_AES_128_CBC_SHA, TLS_ECDH_ECDSA_WITH_AES_128_CBC_SHA, TLS_ECDH_RSA_WITH_AES_128_CBC_SHA, TLS_DHE_RSA_WITH_AES_128_CBC_SHA, TLS_DHE_DSS_WITH_AES_128_CBC_SHA, TLS_ECDHE_ECDSA_WITH_AES_256_GCM_SHA384, TLS_ECDHE_ECDSA_WITH_AES_128_GCM_SHA256, TLS_ECDHE_RSA_WITH_AES_256_GCM_SHA384, TLS_RSA_WITH_AES_256_GCM_SHA384, TLS_ECDH_ECDSA_WITH_AES_256_GCM_SHA384, TLS_ECDH_RSA_WITH_AES_256_GCM_SHA384, TLS_DHE_RSA_WITH_AES_256_GCM_SHA384, TLS_DHE_DSS_WITH_AES_256_GCM_SHA384, TLS_ECDHE_RSA_WITH_AES_128_GCM_SHA256, TLS_RSA_WITH_AES_128_GCM_SHA256, TLS_ECDH_ECDSA_WITH_AES_128_GCM_SHA256, TLS_ECDH_RSA_WITH_AES_128_GCM_SHA256, TLS_DHE_RSA_WITH_AES_128_GCM_SHA256, TLS_DHE_DSS_WITH_AES_128_GCM_SHA256, TLS_EMPTY_RENEGOTIATION_INFO_SCSV]
2020-07-28 08:35:11 611 DEBUG [main] - Starting handshake
2020-07-28 08:35:11 1214 DEBUG [main] - Secure session established
2020-07-28 08:35:11 1214 DEBUG [main] -  negotiated protocol: TLSv1.2
2020-07-28 08:35:11 1214 DEBUG [main] -  negotiated cipher suite: TLS_ECDHE_ECDSA_WITH_AES_128_GCM_SHA256
2020-07-28 08:35:11 1215 DEBUG [main] -  peer principal: CN=*.storage.googleapis.com, O=Google LLC, L=Mountain View, ST=California, C=US
2020-07-28 08:35:11 1215 DEBUG [main] -  peer alternative names: [*.storage.googleapis.com, *.appspot.com.storage.googleapis.com, *.commondatastorage.googleapis.com, *.content-storage-download.googleapis.com, *.content-storage-upload.googleapis.com, *.content-storage.googleapis.com, *.googleapis.com, *.storage-download.googleapis.com, *.storage-upload.googleapis.com, *.storage.select.googleapis.com, commondatastorage.googleapis.com, storage.googleapis.com, storage.select.googleapis.com, unfiltered.news]
2020-07-28 08:35:11 1216 DEBUG [main] -  issuer principal: CN=GTS CA 1O1, O=Google Trust Services, C=US
2020-07-28 08:35:11 1217 DEBUG [main] - Connection established 192.168.43.221:51149<->172.217.161.16:443
2020-07-28 08:35:11 1218 DEBUG [main] - http-outgoing-0: set socket timeout to 30000
2020-07-28 08:35:11 1218 DEBUG [main] - Executing request GET /LATEST_RELEASE HTTP/1.1
2020-07-28 08:35:11 1218 DEBUG [main] - Target auth state: UNCHALLENGED
2020-07-28 08:35:11 1219 DEBUG [main] - Proxy auth state: UNCHALLENGED
2020-07-28 08:35:11 1222 DEBUG [main] - http-outgoing-0 >> GET /LATEST_RELEASE HTTP/1.1
2020-07-28 08:35:11 1223 DEBUG [main] - http-outgoing-0 >> User-Agent: Apache-HttpClient/4.5.6
2020-07-28 08:35:11 1224 DEBUG [main] - http-outgoing-0 >> Connection: keep-alive
2020-07-28 08:35:11 1225 DEBUG [main] - http-outgoing-0 >> Host: chromedriver.storage.googleapis.com
2020-07-28 08:35:11 1225 DEBUG [main] - http-outgoing-0 >> Accept-Encoding: gzip,deflate
2020-07-28 08:35:11 1225 DEBUG [main] - http-outgoing-0 >> "GET /LATEST_RELEASE HTTP/1.1[\r][\n]"
2020-07-28 08:35:11 1225 DEBUG [main] - http-outgoing-0 >> "User-Agent: Apache-HttpClient/4.5.6[\r][\n]"
2020-07-28 08:35:11 1225 DEBUG [main] - http-outgoing-0 >> "Connection: keep-alive[\r][\n]"
2020-07-28 08:35:11 1226 DEBUG [main] - http-outgoing-0 >> "Host: chromedriver.storage.googleapis.com[\r][\n]"
2020-07-28 08:35:11 1226 DEBUG [main] - http-outgoing-0 >> "Accept-Encoding: gzip,deflate[\r][\n]"
2020-07-28 08:35:11 1226 DEBUG [main] - http-outgoing-0 >> "[\r][\n]"
2020-07-28 08:35:11 1380 DEBUG [main] - http-outgoing-0 << "HTTP/1.1 200 OK[\r][\n]"
2020-07-28 08:35:11 1380 DEBUG [main] - http-outgoing-0 << "X-GUploader-UploadID: AAANsUlYnTn8stjeMEn9AVX7plBVlXat3A_YqasBTMZOrzjTdrFk1Zz6EWJhuACrw6tDN82qn5J9IOKJ2VBXhclvXbT8lUe0yw[\r][\n]"
2020-07-28 08:35:11 1380 DEBUG [main] - http-outgoing-0 << "Expires: Tue, 28 Jul 2020 03:56:34 GMT[\r][\n]"
2020-07-28 08:35:11 1380 DEBUG [main] - http-outgoing-0 << "Date: Tue, 28 Jul 2020 02:56:34 GMT[\r][\n]"
2020-07-28 08:35:11 1380 DEBUG [main] - http-outgoing-0 << "Last-Modified: Fri, 24 Jul 2020 16:23:22 GMT[\r][\n]"
2020-07-28 08:35:11 1380 DEBUG [main] - http-outgoing-0 << "ETag: "f90fc89bccbabdd8582026a34268cdaf"[\r][\n]"
2020-07-28 08:35:11 1381 DEBUG [main] - http-outgoing-0 << "x-goog-generation: 1595607802210828[\r][\n]"
2020-07-28 08:35:11 1381 DEBUG [main] - http-outgoing-0 << "x-goog-metageneration: 1[\r][\n]"
2020-07-28 08:35:11 1381 DEBUG [main] - http-outgoing-0 << "x-goog-stored-content-encoding: identity[\r][\n]"
2020-07-28 08:35:11 1381 DEBUG [main] - http-outgoing-0 << "x-goog-stored-content-length: 12[\r][\n]"
2020-07-28 08:35:11 1381 DEBUG [main] - http-outgoing-0 << "Content-Type: text/plain[\r][\n]"
2020-07-28 08:35:11 1381 DEBUG [main] - http-outgoing-0 << "x-goog-hash: crc32c=BKzR+w==[\r][\n]"
2020-07-28 08:35:11 1381 DEBUG [main] - http-outgoing-0 << "x-goog-hash: md5=+Q/Im8y6vdhYICajQmjNrw==[\r][\n]"
2020-07-28 08:35:11 1381 DEBUG [main] - http-outgoing-0 << "x-goog-storage-class: STANDARD[\r][\n]"
2020-07-28 08:35:11 1382 DEBUG [main] - http-outgoing-0 << "Accept-Ranges: bytes[\r][\n]"
2020-07-28 08:35:11 1382 DEBUG [main] - http-outgoing-0 << "Content-Length: 12[\r][\n]"
2020-07-28 08:35:11 1382 DEBUG [main] - http-outgoing-0 << "Server: UploadServer[\r][\n]"
2020-07-28 08:35:11 1382 DEBUG [main] - http-outgoing-0 << "Cache-Control: public, max-age=3600[\r][\n]"
2020-07-28 08:35:11 1382 DEBUG [main] - http-outgoing-0 << "Age: 807[\r][\n]"
2020-07-28 08:35:11 1382 DEBUG [main] - http-outgoing-0 << "Alt-Svc: h3-29=":443"; ma=2592000,h3-27=":443"; ma=2592000,h3-T050=":443"; ma=2592000,h3-Q050=":443"; ma=2592000,h3-Q046=":443"; ma=2592000,h3-Q043=":443"; ma=2592000,quic=":443"; ma=2592000; v="46,43"[\r][\n]"
2020-07-28 08:35:11 1382 DEBUG [main] - http-outgoing-0 << "[\r][\n]"
2020-07-28 08:35:11 1382 DEBUG [main] - http-outgoing-0 << "84.0.4147.30"
2020-07-28 08:35:11 1392 DEBUG [main] - http-outgoing-0 << HTTP/1.1 200 OK
2020-07-28 08:35:11 1392 DEBUG [main] - http-outgoing-0 << X-GUploader-UploadID: AAANsUlYnTn8stjeMEn9AVX7plBVlXat3A_YqasBTMZOrzjTdrFk1Zz6EWJhuACrw6tDN82qn5J9IOKJ2VBXhclvXbT8lUe0yw
2020-07-28 08:35:11 1392 DEBUG [main] - http-outgoing-0 << Expires: Tue, 28 Jul 2020 03:56:34 GMT
2020-07-28 08:35:11 1392 DEBUG [main] - http-outgoing-0 << Date: Tue, 28 Jul 2020 02:56:34 GMT
2020-07-28 08:35:11 1392 DEBUG [main] - http-outgoing-0 << Last-Modified: Fri, 24 Jul 2020 16:23:22 GMT
2020-07-28 08:35:11 1392 DEBUG [main] - http-outgoing-0 << ETag: "f90fc89bccbabdd8582026a34268cdaf"
2020-07-28 08:35:11 1392 DEBUG [main] - http-outgoing-0 << x-goog-generation: 1595607802210828
2020-07-28 08:35:11 1392 DEBUG [main] - http-outgoing-0 << x-goog-metageneration: 1
2020-07-28 08:35:11 1392 DEBUG [main] - http-outgoing-0 << x-goog-stored-content-encoding: identity
2020-07-28 08:35:11 1393 DEBUG [main] - http-outgoing-0 << x-goog-stored-content-length: 12
2020-07-28 08:35:11 1393 DEBUG [main] - http-outgoing-0 << Content-Type: text/plain
2020-07-28 08:35:11 1393 DEBUG [main] - http-outgoing-0 << x-goog-hash: crc32c=BKzR+w==
2020-07-28 08:35:11 1393 DEBUG [main] - http-outgoing-0 << x-goog-hash: md5=+Q/Im8y6vdhYICajQmjNrw==
2020-07-28 08:35:11 1393 DEBUG [main] - http-outgoing-0 << x-goog-storage-class: STANDARD
2020-07-28 08:35:11 1393 DEBUG [main] - http-outgoing-0 << Accept-Ranges: bytes
2020-07-28 08:35:11 1393 DEBUG [main] - http-outgoing-0 << Content-Length: 12
2020-07-28 08:35:11 1393 DEBUG [main] - http-outgoing-0 << Server: UploadServer
2020-07-28 08:35:11 1393 DEBUG [main] - http-outgoing-0 << Cache-Control: public, max-age=3600
2020-07-28 08:35:11 1393 DEBUG [main] - http-outgoing-0 << Age: 807
2020-07-28 08:35:11 1393 DEBUG [main] - http-outgoing-0 << Alt-Svc: h3-29=":443"; ma=2592000,h3-27=":443"; ma=2592000,h3-T050=":443"; ma=2592000,h3-Q050=":443"; ma=2592000,h3-Q046=":443"; ma=2592000,h3-Q043=":443"; ma=2592000,quic=":443"; ma=2592000; v="46,43"
2020-07-28 08:35:11 1401 DEBUG [main] - Connection can be kept alive indefinitely
2020-07-28 08:35:11 1414 DEBUG [main] - Connection [id: 0][route: {s}->https://chromedriver.storage.googleapis.com:443] can be kept alive indefinitely
2020-07-28 08:35:11 1414 DEBUG [main] - http-outgoing-0: set socket timeout to 0
2020-07-28 08:35:11 1415 DEBUG [main] - Connection released: [id: 0][route: {s}->https://chromedriver.storage.googleapis.com:443][total kept alive: 1; route allocated: 1 of 2; total allocated: 1 of 20]
2020-07-28 08:35:35 25292 INFO  [main] - Open browser ,Entering appliction url and maximizing browser
2020-07-28 08:36:05 0 DEBUG [main] - CookieSpec selected: standard
2020-07-28 08:36:05 36 DEBUG [main] - Auth cache not set in the context
2020-07-28 08:36:05 39 DEBUG [main] - Connection request: [route: {s}->https://chromedriver.storage.googleapis.com:443][total kept alive: 0; route allocated: 0 of 2; total allocated: 0 of 20]
2020-07-28 08:36:05 61 DEBUG [main] - Connection leased: [id: 0][route: {s}->https://chromedriver.storage.googleapis.com:443][total kept alive: 0; route allocated: 1 of 2; total allocated: 1 of 20]
2020-07-28 08:36:05 65 DEBUG [main] - Opening connection {s}->https://chromedriver.storage.googleapis.com:443
2020-07-28 08:36:05 70 DEBUG [main] - Connecting to chromedriver.storage.googleapis.com/172.217.161.16:443
2020-07-28 08:36:05 71 DEBUG [main] - Connecting socket to chromedriver.storage.googleapis.com/172.217.161.16:443 with timeout 0
2020-07-28 08:36:05 427 DEBUG [main] - Enabled protocols: [TLSv1, TLSv1.1, TLSv1.2]
2020-07-28 08:36:05 427 DEBUG [main] - Enabled cipher suites:[TLS_ECDHE_ECDSA_WITH_AES_256_CBC_SHA384, TLS_ECDHE_RSA_WITH_AES_256_CBC_SHA384, TLS_RSA_WITH_AES_256_CBC_SHA256, TLS_ECDH_ECDSA_WITH_AES_256_CBC_SHA384, TLS_ECDH_RSA_WITH_AES_256_CBC_SHA384, TLS_DHE_RSA_WITH_AES_256_CBC_SHA256, TLS_DHE_DSS_WITH_AES_256_CBC_SHA256, TLS_ECDHE_ECDSA_WITH_AES_256_CBC_SHA, TLS_ECDHE_RSA_WITH_AES_256_CBC_SHA, TLS_RSA_WITH_AES_256_CBC_SHA, TLS_ECDH_ECDSA_WITH_AES_256_CBC_SHA, TLS_ECDH_RSA_WITH_AES_256_CBC_SHA, TLS_DHE_RSA_WITH_AES_256_CBC_SHA, TLS_DHE_DSS_WITH_AES_256_CBC_SHA, TLS_ECDHE_ECDSA_WITH_AES_128_CBC_SHA256, TLS_ECDHE_RSA_WITH_AES_128_CBC_SHA256, TLS_RSA_WITH_AES_128_CBC_SHA256, TLS_ECDH_ECDSA_WITH_AES_128_CBC_SHA256, TLS_ECDH_RSA_WITH_AES_128_CBC_SHA256, TLS_DHE_RSA_WITH_AES_128_CBC_SHA256, TLS_DHE_DSS_WITH_AES_128_CBC_SHA256, TLS_ECDHE_ECDSA_WITH_AES_128_CBC_SHA, TLS_ECDHE_RSA_WITH_AES_128_CBC_SHA, TLS_RSA_WITH_AES_128_CBC_SHA, TLS_ECDH_ECDSA_WITH_AES_128_CBC_SHA, TLS_ECDH_RSA_WITH_AES_128_CBC_SHA, TLS_DHE_RSA_WITH_AES_128_CBC_SHA, TLS_DHE_DSS_WITH_AES_128_CBC_SHA, TLS_ECDHE_ECDSA_WITH_AES_256_GCM_SHA384, TLS_ECDHE_ECDSA_WITH_AES_128_GCM_SHA256, TLS_ECDHE_RSA_WITH_AES_256_GCM_SHA384, TLS_RSA_WITH_AES_256_GCM_SHA384, TLS_ECDH_ECDSA_WITH_AES_256_GCM_SHA384, TLS_ECDH_RSA_WITH_AES_256_GCM_SHA384, TLS_DHE_RSA_WITH_AES_256_GCM_SHA384, TLS_DHE_DSS_WITH_AES_256_GCM_SHA384, TLS_ECDHE_RSA_WITH_AES_128_GCM_SHA256, TLS_RSA_WITH_AES_128_GCM_SHA256, TLS_ECDH_ECDSA_WITH_AES_128_GCM_SHA256, TLS_ECDH_RSA_WITH_AES_128_GCM_SHA256, TLS_DHE_RSA_WITH_AES_128_GCM_SHA256, TLS_DHE_DSS_WITH_AES_128_GCM_SHA256, TLS_EMPTY_RENEGOTIATION_INFO_SCSV]
2020-07-28 08:36:05 428 DEBUG [main] - Starting handshake
2020-07-28 08:36:05 793 DEBUG [main] - Secure session established
2020-07-28 08:36:05 794 DEBUG [main] -  negotiated protocol: TLSv1.2
2020-07-28 08:36:05 794 DEBUG [main] -  negotiated cipher suite: TLS_ECDHE_ECDSA_WITH_AES_128_GCM_SHA256
2020-07-28 08:36:05 795 DEBUG [main] -  peer principal: CN=*.storage.googleapis.com, O=Google LLC, L=Mountain View, ST=California, C=US
2020-07-28 08:36:05 796 DEBUG [main] -  peer alternative names: [*.storage.googleapis.com, *.appspot.com.storage.googleapis.com, *.commondatastorage.googleapis.com, *.content-storage-download.googleapis.com, *.content-storage-upload.googleapis.com, *.content-storage.googleapis.com, *.googleapis.com, *.storage-download.googleapis.com, *.storage-upload.googleapis.com, *.storage.select.googleapis.com, commondatastorage.googleapis.com, storage.googleapis.com, storage.select.googleapis.com, unfiltered.news]
2020-07-28 08:36:05 796 DEBUG [main] -  issuer principal: CN=GTS CA 1O1, O=Google Trust Services, C=US
2020-07-28 08:36:05 801 DEBUG [main] - Connection established 192.168.43.221:51259<->172.217.161.16:443
2020-07-28 08:36:05 801 DEBUG [main] - http-outgoing-0: set socket timeout to 30000
2020-07-28 08:36:05 802 DEBUG [main] - Executing request GET /LATEST_RELEASE HTTP/1.1
2020-07-28 08:36:05 802 DEBUG [main] - Target auth state: UNCHALLENGED
2020-07-28 08:36:05 803 DEBUG [main] - Proxy auth state: UNCHALLENGED
2020-07-28 08:36:05 806 DEBUG [main] - http-outgoing-0 >> GET /LATEST_RELEASE HTTP/1.1
2020-07-28 08:36:05 807 DEBUG [main] - http-outgoing-0 >> User-Agent: Apache-HttpClient/4.5.6
2020-07-28 08:36:05 807 DEBUG [main] - http-outgoing-0 >> Connection: keep-alive
2020-07-28 08:36:05 808 DEBUG [main] - http-outgoing-0 >> Host: chromedriver.storage.googleapis.com
2020-07-28 08:36:05 808 DEBUG [main] - http-outgoing-0 >> Accept-Encoding: gzip,deflate
2020-07-28 08:36:05 809 DEBUG [main] - http-outgoing-0 >> "GET /LATEST_RELEASE HTTP/1.1[\r][\n]"
2020-07-28 08:36:05 809 DEBUG [main] - http-outgoing-0 >> "User-Agent: Apache-HttpClient/4.5.6[\r][\n]"
2020-07-28 08:36:05 810 DEBUG [main] - http-outgoing-0 >> "Connection: keep-alive[\r][\n]"
2020-07-28 08:36:05 810 DEBUG [main] - http-outgoing-0 >> "Host: chromedriver.storage.googleapis.com[\r][\n]"
2020-07-28 08:36:05 811 DEBUG [main] - http-outgoing-0 >> "Accept-Encoding: gzip,deflate[\r][\n]"
2020-07-28 08:36:05 811 DEBUG [main] - http-outgoing-0 >> "[\r][\n]"
2020-07-28 08:36:05 925 DEBUG [main] - http-outgoing-0 << "HTTP/1.1 200 OK[\r][\n]"
2020-07-28 08:36:05 926 DEBUG [main] - http-outgoing-0 << "X-GUploader-UploadID: AAANsUlYnTn8stjeMEn9AVX7plBVlXat3A_YqasBTMZOrzjTdrFk1Zz6EWJhuACrw6tDN82qn5J9IOKJ2VBXhclvXbT8lUe0yw[\r][\n]"
2020-07-28 08:36:05 926 DEBUG [main] - http-outgoing-0 << "Expires: Tue, 28 Jul 2020 03:56:34 GMT[\r][\n]"
2020-07-28 08:36:05 926 DEBUG [main] - http-outgoing-0 << "Date: Tue, 28 Jul 2020 02:56:34 GMT[\r][\n]"
2020-07-28 08:36:05 927 DEBUG [main] - http-outgoing-0 << "Last-Modified: Fri, 24 Jul 2020 16:23:22 GMT[\r][\n]"
2020-07-28 08:36:05 927 DEBUG [main] - http-outgoing-0 << "ETag: "f90fc89bccbabdd8582026a34268cdaf"[\r][\n]"
2020-07-28 08:36:05 928 DEBUG [main] - http-outgoing-0 << "x-goog-generation: 1595607802210828[\r][\n]"
2020-07-28 08:36:05 928 DEBUG [main] - http-outgoing-0 << "x-goog-metageneration: 1[\r][\n]"
2020-07-28 08:36:05 929 DEBUG [main] - http-outgoing-0 << "x-goog-stored-content-encoding: identity[\r][\n]"
2020-07-28 08:36:05 929 DEBUG [main] - http-outgoing-0 << "x-goog-stored-content-length: 12[\r][\n]"
2020-07-28 08:36:05 930 DEBUG [main] - http-outgoing-0 << "Content-Type: text/plain[\r][\n]"
2020-07-28 08:36:05 930 DEBUG [main] - http-outgoing-0 << "x-goog-hash: crc32c=BKzR+w==[\r][\n]"
2020-07-28 08:36:05 930 DEBUG [main] - http-outgoing-0 << "x-goog-hash: md5=+Q/Im8y6vdhYICajQmjNrw==[\r][\n]"
2020-07-28 08:36:05 931 DEBUG [main] - http-outgoing-0 << "x-goog-storage-class: STANDARD[\r][\n]"
2020-07-28 08:36:05 931 DEBUG [main] - http-outgoing-0 << "Accept-Ranges: bytes[\r][\n]"
2020-07-28 08:36:05 932 DEBUG [main] - http-outgoing-0 << "Content-Length: 12[\r][\n]"
2020-07-28 08:36:05 932 DEBUG [main] - http-outgoing-0 << "Server: UploadServer[\r][\n]"
2020-07-28 08:36:05 932 DEBUG [main] - http-outgoing-0 << "Cache-Control: public, max-age=3600[\r][\n]"
2020-07-28 08:36:05 933 DEBUG [main] - http-outgoing-0 << "Age: 862[\r][\n]"
2020-07-28 08:36:05 933 DEBUG [main] - http-outgoing-0 << "Alt-Svc: h3-29=":443"; ma=2592000,h3-27=":443"; ma=2592000,h3-T050=":443"; ma=2592000,h3-Q050=":443"; ma=2592000,h3-Q046=":443"; ma=2592000,h3-Q043=":443"; ma=2592000,quic=":443"; ma=2592000; v="46,43"[\r][\n]"
2020-07-28 08:36:05 934 DEBUG [main] - http-outgoing-0 << "[\r][\n]"
2020-07-28 08:36:05 934 DEBUG [main] - http-outgoing-0 << "84.0.4147.30"
2020-07-28 08:36:05 939 DEBUG [main] - http-outgoing-0 << HTTP/1.1 200 OK
2020-07-28 08:36:05 940 DEBUG [main] - http-outgoing-0 << X-GUploader-UploadID: AAANsUlYnTn8stjeMEn9AVX7plBVlXat3A_YqasBTMZOrzjTdrFk1Zz6EWJhuACrw6tDN82qn5J9IOKJ2VBXhclvXbT8lUe0yw
2020-07-28 08:36:05 941 DEBUG [main] - http-outgoing-0 << Expires: Tue, 28 Jul 2020 03:56:34 GMT
2020-07-28 08:36:05 941 DEBUG [main] - http-outgoing-0 << Date: Tue, 28 Jul 2020 02:56:34 GMT
2020-07-28 08:36:05 941 DEBUG [main] - http-outgoing-0 << Last-Modified: Fri, 24 Jul 2020 16:23:22 GMT
2020-07-28 08:36:05 942 DEBUG [main] - http-outgoing-0 << ETag: "f90fc89bccbabdd8582026a34268cdaf"
2020-07-28 08:36:05 943 DEBUG [main] - http-outgoing-0 << x-goog-generation: 1595607802210828
2020-07-28 08:36:05 943 DEBUG [main] - http-outgoing-0 << x-goog-metageneration: 1
2020-07-28 08:36:05 944 DEBUG [main] - http-outgoing-0 << x-goog-stored-content-encoding: identity
2020-07-28 08:36:05 944 DEBUG [main] - http-outgoing-0 << x-goog-stored-content-length: 12
2020-07-28 08:36:05 945 DEBUG [main] - http-outgoing-0 << Content-Type: text/plain
2020-07-28 08:36:05 945 DEBUG [main] - http-outgoing-0 << x-goog-hash: crc32c=BKzR+w==
2020-07-28 08:36:05 945 DEBUG [main] - http-outgoing-0 << x-goog-hash: md5=+Q/Im8y6vdhYICajQmjNrw==
2020-07-28 08:36:05 946 DEBUG [main] - http-outgoing-0 << x-goog-storage-class: STANDARD
2020-07-28 08:36:05 946 DEBUG [main] - http-outgoing-0 << Accept-Ranges: bytes
2020-07-28 08:36:05 946 DEBUG [main] - http-outgoing-0 << Content-Length: 12
2020-07-28 08:36:05 947 DEBUG [main] - http-outgoing-0 << Server: UploadServer
2020-07-28 08:36:05 947 DEBUG [main] - http-outgoing-0 << Cache-Control: public, max-age=3600
2020-07-28 08:36:05 947 DEBUG [main] - http-outgoing-0 << Age: 862
2020-07-28 08:36:05 948 DEBUG [main] - http-outgoing-0 << Alt-Svc: h3-29=":443"; ma=2592000,h3-27=":443"; ma=2592000,h3-T050=":443"; ma=2592000,h3-Q050=":443"; ma=2592000,h3-Q046=":443"; ma=2592000,h3-Q043=":443"; ma=2592000,quic=":443"; ma=2592000; v="46,43"
2020-07-28 08:36:05 954 DEBUG [main] - Connection can be kept alive indefinitely
2020-07-28 08:36:05 964 DEBUG [main] - Connection [id: 0][route: {s}->https://chromedriver.storage.googleapis.com:443] can be kept alive indefinitely
2020-07-28 08:36:05 965 DEBUG [main] - http-outgoing-0: set socket timeout to 0
2020-07-28 08:36:05 966 DEBUG [main] - Connection released: [id: 0][route: {s}->https://chromedriver.storage.googleapis.com:443][total kept alive: 1; route allocated: 1 of 2; total allocated: 1 of 20]
2020-07-28 08:36:18 13285 INFO  [main] - Open browser ,Entering appliction url and maximizing browser
2020-07-28 08:36:59 0 DEBUG [main] - CookieSpec selected: standard
2020-07-28 08:36:59 14 DEBUG [main] - Auth cache not set in the context
2020-07-28 08:36:59 16 DEBUG [main] - Connection request: [route: {s}->https://chromedriver.storage.googleapis.com:443][total kept alive: 0; route allocated: 0 of 2; total allocated: 0 of 20]
2020-07-28 08:36:59 38 DEBUG [main] - Connection leased: [id: 0][route: {s}->https://chromedriver.storage.googleapis.com:443][total kept alive: 0; route allocated: 1 of 2; total allocated: 1 of 20]
2020-07-28 08:36:59 40 DEBUG [main] - Opening connection {s}->https://chromedriver.storage.googleapis.com:443
2020-07-28 08:36:59 46 DEBUG [main] - Connecting to chromedriver.storage.googleapis.com/172.217.161.16:443
2020-07-28 08:36:59 47 DEBUG [main] - Connecting socket to chromedriver.storage.googleapis.com/172.217.161.16:443 with timeout 0
2020-07-28 08:36:59 449 DEBUG [main] - Enabled protocols: [TLSv1, TLSv1.1, TLSv1.2]
2020-07-28 08:36:59 449 DEBUG [main] - Enabled cipher suites:[TLS_ECDHE_ECDSA_WITH_AES_256_CBC_SHA384, TLS_ECDHE_RSA_WITH_AES_256_CBC_SHA384, TLS_RSA_WITH_AES_256_CBC_SHA256, TLS_ECDH_ECDSA_WITH_AES_256_CBC_SHA384, TLS_ECDH_RSA_WITH_AES_256_CBC_SHA384, TLS_DHE_RSA_WITH_AES_256_CBC_SHA256, TLS_DHE_DSS_WITH_AES_256_CBC_SHA256, TLS_ECDHE_ECDSA_WITH_AES_256_CBC_SHA, TLS_ECDHE_RSA_WITH_AES_256_CBC_SHA, TLS_RSA_WITH_AES_256_CBC_SHA, TLS_ECDH_ECDSA_WITH_AES_256_CBC_SHA, TLS_ECDH_RSA_WITH_AES_256_CBC_SHA, TLS_DHE_RSA_WITH_AES_256_CBC_SHA, TLS_DHE_DSS_WITH_AES_256_CBC_SHA, TLS_ECDHE_ECDSA_WITH_AES_128_CBC_SHA256, TLS_ECDHE_RSA_WITH_AES_128_CBC_SHA256, TLS_RSA_WITH_AES_128_CBC_SHA256, TLS_ECDH_ECDSA_WITH_AES_128_CBC_SHA256, TLS_ECDH_RSA_WITH_AES_128_CBC_SHA256, TLS_DHE_RSA_WITH_AES_128_CBC_SHA256, TLS_DHE_DSS_WITH_AES_128_CBC_SHA256, TLS_ECDHE_ECDSA_WITH_AES_128_CBC_SHA, TLS_ECDHE_RSA_WITH_AES_128_CBC_SHA, TLS_RSA_WITH_AES_128_CBC_SHA, TLS_ECDH_ECDSA_WITH_AES_128_CBC_SHA, TLS_ECDH_RSA_WITH_AES_128_CBC_SHA, TLS_DHE_RSA_WITH_AES_128_CBC_SHA, TLS_DHE_DSS_WITH_AES_128_CBC_SHA, TLS_ECDHE_ECDSA_WITH_AES_256_GCM_SHA384, TLS_ECDHE_ECDSA_WITH_AES_128_GCM_SHA256, TLS_ECDHE_RSA_WITH_AES_256_GCM_SHA384, TLS_RSA_WITH_AES_256_GCM_SHA384, TLS_ECDH_ECDSA_WITH_AES_256_GCM_SHA384, TLS_ECDH_RSA_WITH_AES_256_GCM_SHA384, TLS_DHE_RSA_WITH_AES_256_GCM_SHA384, TLS_DHE_DSS_WITH_AES_256_GCM_SHA384, TLS_ECDHE_RSA_WITH_AES_128_GCM_SHA256, TLS_RSA_WITH_AES_128_GCM_SHA256, TLS_ECDH_ECDSA_WITH_AES_128_GCM_SHA256, TLS_ECDH_RSA_WITH_AES_128_GCM_SHA256, TLS_DHE_RSA_WITH_AES_128_GCM_SHA256, TLS_DHE_DSS_WITH_AES_128_GCM_SHA256, TLS_EMPTY_RENEGOTIATION_INFO_SCSV]
2020-07-28 08:36:59 449 DEBUG [main] - Starting handshake
2020-07-28 08:36:59 826 DEBUG [main] - Secure session established
2020-07-28 08:36:59 826 DEBUG [main] -  negotiated protocol: TLSv1.2
2020-07-28 08:36:59 826 DEBUG [main] -  negotiated cipher suite: TLS_ECDHE_ECDSA_WITH_AES_128_GCM_SHA256
2020-07-28 08:36:59 827 DEBUG [main] -  peer principal: CN=*.storage.googleapis.com, O=Google LLC, L=Mountain View, ST=California, C=US
2020-07-28 08:36:59 827 DEBUG [main] -  peer alternative names: [*.storage.googleapis.com, *.appspot.com.storage.googleapis.com, *.commondatastorage.googleapis.com, *.content-storage-download.googleapis.com, *.content-storage-upload.googleapis.com, *.content-storage.googleapis.com, *.googleapis.com, *.storage-download.googleapis.com, *.storage-upload.googleapis.com, *.storage.select.googleapis.com, commondatastorage.googleapis.com, storage.googleapis.com, storage.select.googleapis.com, unfiltered.news]
2020-07-28 08:36:59 827 DEBUG [main] -  issuer principal: CN=GTS CA 1O1, O=Google Trust Services, C=US
2020-07-28 08:36:59 828 DEBUG [main] - Connection established 192.168.43.221:51361<->172.217.161.16:443
2020-07-28 08:36:59 829 DEBUG [main] - http-outgoing-0: set socket timeout to 30000
2020-07-28 08:36:59 829 DEBUG [main] - Executing request GET /LATEST_RELEASE HTTP/1.1
2020-07-28 08:36:59 830 DEBUG [main] - Target auth state: UNCHALLENGED
2020-07-28 08:36:59 831 DEBUG [main] - Proxy auth state: UNCHALLENGED
2020-07-28 08:36:59 833 DEBUG [main] - http-outgoing-0 >> GET /LATEST_RELEASE HTTP/1.1
2020-07-28 08:36:59 833 DEBUG [main] - http-outgoing-0 >> User-Agent: Apache-HttpClient/4.5.6
2020-07-28 08:36:59 833 DEBUG [main] - http-outgoing-0 >> Connection: keep-alive
2020-07-28 08:36:59 833 DEBUG [main] - http-outgoing-0 >> Host: chromedriver.storage.googleapis.com
2020-07-28 08:36:59 833 DEBUG [main] - http-outgoing-0 >> Accept-Encoding: gzip,deflate
2020-07-28 08:36:59 833 DEBUG [main] - http-outgoing-0 >> "GET /LATEST_RELEASE HTTP/1.1[\r][\n]"
2020-07-28 08:36:59 834 DEBUG [main] - http-outgoing-0 >> "User-Agent: Apache-HttpClient/4.5.6[\r][\n]"
2020-07-28 08:36:59 834 DEBUG [main] - http-outgoing-0 >> "Connection: keep-alive[\r][\n]"
2020-07-28 08:36:59 834 DEBUG [main] - http-outgoing-0 >> "Host: chromedriver.storage.googleapis.com[\r][\n]"
2020-07-28 08:36:59 834 DEBUG [main] - http-outgoing-0 >> "Accept-Encoding: gzip,deflate[\r][\n]"
2020-07-28 08:36:59 834 DEBUG [main] - http-outgoing-0 >> "[\r][\n]"
2020-07-28 08:36:59 917 DEBUG [main] - http-outgoing-0 << "HTTP/1.1 200 OK[\r][\n]"
2020-07-28 08:36:59 917 DEBUG [main] - http-outgoing-0 << "X-GUploader-UploadID: AAANsUlYnTn8stjeMEn9AVX7plBVlXat3A_YqasBTMZOrzjTdrFk1Zz6EWJhuACrw6tDN82qn5J9IOKJ2VBXhclvXbT8lUe0yw[\r][\n]"
2020-07-28 08:36:59 918 DEBUG [main] - http-outgoing-0 << "Expires: Tue, 28 Jul 2020 03:56:34 GMT[\r][\n]"
2020-07-28 08:36:59 918 DEBUG [main] - http-outgoing-0 << "Date: Tue, 28 Jul 2020 02:56:34 GMT[\r][\n]"
2020-07-28 08:36:59 918 DEBUG [main] - http-outgoing-0 << "Last-Modified: Fri, 24 Jul 2020 16:23:22 GMT[\r][\n]"
2020-07-28 08:36:59 919 DEBUG [main] - http-outgoing-0 << "ETag: "f90fc89bccbabdd8582026a34268cdaf"[\r][\n]"
2020-07-28 08:36:59 919 DEBUG [main] - http-outgoing-0 << "x-goog-generation: 1595607802210828[\r][\n]"
2020-07-28 08:36:59 919 DEBUG [main] - http-outgoing-0 << "x-goog-metageneration: 1[\r][\n]"
2020-07-28 08:36:59 919 DEBUG [main] - http-outgoing-0 << "x-goog-stored-content-encoding: identity[\r][\n]"
2020-07-28 08:36:59 919 DEBUG [main] - http-outgoing-0 << "x-goog-stored-content-length: 12[\r][\n]"
2020-07-28 08:36:59 919 DEBUG [main] - http-outgoing-0 << "Content-Type: text/plain[\r][\n]"
2020-07-28 08:36:59 919 DEBUG [main] - http-outgoing-0 << "x-goog-hash: crc32c=BKzR+w==[\r][\n]"
2020-07-28 08:36:59 919 DEBUG [main] - http-outgoing-0 << "x-goog-hash: md5=+Q/Im8y6vdhYICajQmjNrw==[\r][\n]"
2020-07-28 08:36:59 920 DEBUG [main] - http-outgoing-0 << "x-goog-storage-class: STANDARD[\r][\n]"
2020-07-28 08:36:59 920 DEBUG [main] - http-outgoing-0 << "Accept-Ranges: bytes[\r][\n]"
2020-07-28 08:36:59 920 DEBUG [main] - http-outgoing-0 << "Content-Length: 12[\r][\n]"
2020-07-28 08:36:59 920 DEBUG [main] - http-outgoing-0 << "Server: UploadServer[\r][\n]"
2020-07-28 08:36:59 920 DEBUG [main] - http-outgoing-0 << "Cache-Control: public, max-age=3600[\r][\n]"
2020-07-28 08:36:59 920 DEBUG [main] - http-outgoing-0 << "Age: 916[\r][\n]"
2020-07-28 08:36:59 920 DEBUG [main] - http-outgoing-0 << "Alt-Svc: h3-29=":443"; ma=2592000,h3-27=":443"; ma=2592000,h3-T050=":443"; ma=2592000,h3-Q050=":443"; ma=2592000,h3-Q046=":443"; ma=2592000,h3-Q043=":443"; ma=2592000,quic=":443"; ma=2592000; v="46,43"[\r][\n]"
2020-07-28 08:36:59 920 DEBUG [main] - http-outgoing-0 << "[\r][\n]"
2020-07-28 08:36:59 920 DEBUG [main] - http-outgoing-0 << "84.0.4147.30"
2020-07-28 08:36:59 925 DEBUG [main] - http-outgoing-0 << HTTP/1.1 200 OK
2020-07-28 08:36:59 925 DEBUG [main] - http-outgoing-0 << X-GUploader-UploadID: AAANsUlYnTn8stjeMEn9AVX7plBVlXat3A_YqasBTMZOrzjTdrFk1Zz6EWJhuACrw6tDN82qn5J9IOKJ2VBXhclvXbT8lUe0yw
2020-07-28 08:36:59 925 DEBUG [main] - http-outgoing-0 << Expires: Tue, 28 Jul 2020 03:56:34 GMT
2020-07-28 08:36:59 925 DEBUG [main] - http-outgoing-0 << Date: Tue, 28 Jul 2020 02:56:34 GMT
2020-07-28 08:36:59 925 DEBUG [main] - http-outgoing-0 << Last-Modified: Fri, 24 Jul 2020 16:23:22 GMT
2020-07-28 08:36:59 925 DEBUG [main] - http-outgoing-0 << ETag: "f90fc89bccbabdd8582026a34268cdaf"
2020-07-28 08:36:59 925 DEBUG [main] - http-outgoing-0 << x-goog-generation: 1595607802210828
2020-07-28 08:36:59 925 DEBUG [main] - http-outgoing-0 << x-goog-metageneration: 1
2020-07-28 08:36:59 925 DEBUG [main] - http-outgoing-0 << x-goog-stored-content-encoding: identity
2020-07-28 08:36:59 925 DEBUG [main] - http-outgoing-0 << x-goog-stored-content-length: 12
2020-07-28 08:36:59 926 DEBUG [main] - http-outgoing-0 << Content-Type: text/plain
2020-07-28 08:36:59 926 DEBUG [main] - http-outgoing-0 << x-goog-hash: crc32c=BKzR+w==
2020-07-28 08:36:59 926 DEBUG [main] - http-outgoing-0 << x-goog-hash: md5=+Q/Im8y6vdhYICajQmjNrw==
2020-07-28 08:36:59 926 DEBUG [main] - http-outgoing-0 << x-goog-storage-class: STANDARD
2020-07-28 08:36:59 926 DEBUG [main] - http-outgoing-0 << Accept-Ranges: bytes
2020-07-28 08:36:59 926 DEBUG [main] - http-outgoing-0 << Content-Length: 12
2020-07-28 08:36:59 926 DEBUG [main] - http-outgoing-0 << Server: UploadServer
2020-07-28 08:36:59 926 DEBUG [main] - http-outgoing-0 << Cache-Control: public, max-age=3600
2020-07-28 08:36:59 926 DEBUG [main] - http-outgoing-0 << Age: 916
2020-07-28 08:36:59 926 DEBUG [main] - http-outgoing-0 << Alt-Svc: h3-29=":443"; ma=2592000,h3-27=":443"; ma=2592000,h3-T050=":443"; ma=2592000,h3-Q050=":443"; ma=2592000,h3-Q046=":443"; ma=2592000,h3-Q043=":443"; ma=2592000,quic=":443"; ma=2592000; v="46,43"
2020-07-28 08:36:59 937 DEBUG [main] - Connection can be kept alive indefinitely
2020-07-28 08:36:59 948 DEBUG [main] - Connection [id: 0][route: {s}->https://chromedriver.storage.googleapis.com:443] can be kept alive indefinitely
2020-07-28 08:36:59 948 DEBUG [main] - http-outgoing-0: set socket timeout to 0
2020-07-28 08:36:59 949 DEBUG [main] - Connection released: [id: 0][route: {s}->https://chromedriver.storage.googleapis.com:443][total kept alive: 1; route allocated: 1 of 2; total allocated: 1 of 20]
2020-07-28 08:37:24 25699 INFO  [main] - Open browser ,Entering appliction url and maximizing browser
2020-07-28 08:50:59 0 INFO  [main] - Open browser ,Entering appliction url and maximizing browser
2020-07-28 11:23:26 0 INFO  [main] - Open browser ,Entering appliction url and maximizing browser
2020-07-29 09:13:52 0 INFO  [main] - Open browser ,Entering appliction url and maximizing browser
2020-07-29 09:26:17 0 INFO  [main] - Open browser ,Entering appliction url and maximizing browser
2020-07-29 09:26:23 6183 INFO  [main] - Verify 'Living' Menu is visible or not
2020-07-29 09:26:23 6391 INFO  [main] - Verify 'Sofa set' subMenu visible or not
2020-07-29 09:31:42 0 INFO  [main] - Open browser ,Entering appliction url and maximizing browser
2020-07-29 09:31:49 7305 INFO  [main] - Verify 'Living' Menu is visible or not
2020-07-29 09:31:49 7670 INFO  [main] - Verify 'Sofa Set' subMenu visible or not
2020-07-29 09:35:10 0 INFO  [main] - Open browser ,Entering appliction url and maximizing browser
2020-07-29 09:35:16 5969 INFO  [main] - Verify 'Living' Menu is visible or not
2020-07-29 09:35:16 6102 INFO  [main] - Verify 'Sofa Set' subMenu visible or not
2020-07-29 09:38:21 0 INFO  [main] - Open browser ,Entering appliction url and maximizing browser
2020-07-29 09:38:32 10098 INFO  [main] - Verify 'Living' Menu is visible or not
2020-07-29 09:38:32 10365 INFO  [main] - Verify 'Sofa Set' subMenu visible or not
2020-07-29 09:41:11 0 INFO  [main] - Open browser ,Entering appliction url and maximizing browser
2020-07-29 09:41:20 8969 INFO  [main] - Verify 'Living' Menu is visible or not
2020-07-29 09:41:21 9613 INFO  [main] - Verify 'Sofa Set' subMenu visible or not
2020-07-29 09:42:41 0 INFO  [main] - Open browser ,Entering appliction url and maximizing browser
2020-07-29 09:42:50 8826 INFO  [main] - Verify 'Living' Menu is visible or not
2020-07-29 09:42:50 9008 INFO  [main] - Verify 'Sofa Set' subMenu visible or not
2020-07-29 09:48:41 0 INFO  [main] - Open browser ,Entering appliction url and maximizing browser
2020-07-29 09:48:50 8608 INFO  [main] - Verify 'Living' Menu is visible or not
2020-07-29 09:48:50 8973 INFO  [main] - Verify 'Sofa Set' subMenu visible or not
2020-07-29 09:52:10 0 INFO  [main] - Open browser ,Entering appliction url and maximizing browser
2020-07-29 09:52:15 5955 INFO  [main] - Verify 'Living' Menu is visible or not
2020-07-29 09:52:16 6162 INFO  [main] - Verify 'Sofa Set' subMenu visible or not
2020-07-29 09:53:26 0 INFO  [main] - Open browser ,Entering appliction url and maximizing browser
2020-07-29 09:53:34 8508 INFO  [main] - Verify 'Living' Menu is visible or not
2020-07-29 09:53:35 8983 INFO  [main] - Verify 'Sofa Set' subMenu visible or not
2020-07-29 09:53:35 9115 INFO  [main] - Verify 'Sofa Set' text
2020-07-29 09:56:52 0 INFO  [main] - Open browser ,Entering appliction url and maximizing browser
2020-07-29 09:56:59 7376 INFO  [main] - Verify 'Living' Menu is visible or not
2020-07-29 09:57:00 7637 INFO  [main] - Verify 'Sofa Set' subMenu visible or not
2020-07-29 09:57:37 0 INFO  [main] - Open browser ,Entering appliction url and maximizing browser
2020-07-29 09:57:46 8765 INFO  [main] - Verify 'Living' Menu is visible or not
2020-07-29 09:57:46 8984 INFO  [main] - Verify 'Sofa Set' subMenu visible or not
2020-07-29 09:57:46 9348 INFO  [main] - Verify 'Sofa Set' text
2020-07-29 10:01:15 0 INFO  [main] - Open browser ,Entering appliction url and maximizing browser
2020-07-29 10:01:21 6142 INFO  [main] - Verify 'Living' Menu is visible or not
2020-07-29 10:01:21 6406 INFO  [main] - Verify 'Sofa Set' subMenu visible or not
2020-07-29 10:01:21 6596 INFO  [main] - Verify 'Sofa Set' text
2020-07-29 10:04:32 0 INFO  [main] - Open browser ,Entering appliction url and maximizing browser
2020-07-29 10:04:38 6239 INFO  [main] - Verify 'Living' Menu is visible or not
2020-07-29 10:04:38 6720 INFO  [main] - Verify 'Sofa Set' subMenu visible or not
2020-07-29 10:04:38 6854 INFO  [main] - Verify 'Sofa Set' text
2020-07-29 10:25:24 0 INFO  [main] - Open browser ,Entering appliction url and maximizing browser
2020-07-29 10:26:25 0 INFO  [main] - Open browser ,Entering appliction url and maximizing browser
2020-07-29 10:26:35 9239 INFO  [main] - Verify 'Living' Menu is visible or not
2020-07-29 10:26:35 9736 INFO  [main] - Verify 'Sofa Set' subMenu visible or not
2020-07-29 10:26:35 9857 INFO  [main] - Verify 'Sofa Set' text
2020-07-29 12:01:50 0 INFO  [main] - Open browser ,Entering appliction url and maximizing browser
2020-07-29 12:01:58 7672 INFO  [main] - Verify 'Living' Menu is visible or not
2020-07-29 12:01:58 7969 INFO  [main] - Verify 'Sofa Set' subMenu visible or not
2020-07-29 12:01:58 8141 INFO  [main] - Verify 'Sofa Set' text
2020-07-29 12:14:41 0 INFO  [main] - Open browser ,Entering appliction url and maximizing browser
2020-07-29 12:14:50 8790 INFO  [main] - Verify 'Living' Menu is visible or not
2020-07-29 12:14:50 9057 INFO  [main] - Verify 'Sofa Set' subMenu visible or not
2020-07-29 12:14:50 9201 INFO  [main] - Verify 'Sofa Set' text
2020-07-29 12:15:55 0 INFO  [main] - Open browser ,Entering appliction url and maximizing browser
2020-07-29 12:16:04 8847 INFO  [main] - Verify 'Living' Menu is visible or not
2020-07-29 12:16:04 9104 INFO  [main] - Verify 'Sofa Set' subMenu visible or not
2020-07-29 12:16:04 9264 INFO  [main] - Verify 'Sofa Set' text
2020-07-29 12:26:19 0 INFO  [main] - Open browser ,Entering appliction url and maximizing browser
2020-07-29 12:26:28 8655 INFO  [main] - Verify 'Living' Menu is visible or not
2020-07-29 12:26:28 9032 INFO  [main] - Verify 'Sofa Set' subMenu visible or not
2020-07-29 12:26:28 9188 INFO  [main] - Verify 'Sofa Set' text
2020-07-29 12:27:51 0 INFO  [main] - Open browser ,Entering appliction url and maximizing browser
2020-07-29 12:27:59 7886 INFO  [main] - Verify 'Living' Menu is visible or not
2020-07-29 12:27:59 8161 INFO  [main] - Verify 'Sofa Set' subMenu visible or not
2020-07-29 12:27:59 8309 INFO  [main] - Verify 'Sofa Set' text
2020-07-29 12:30:50 0 INFO  [main] - Open browser ,Entering appliction url and maximizing browser
2020-07-29 17:11:13 0 INFO  [main] - Open browser ,Entering appliction url and maximizing browser
2020-07-29 17:11:25 11874 INFO  [main] - Verify 'Living' Menu is visible or not
2020-07-29 17:11:26 12726 INFO  [main] - Verify 'Sofa Set' subMenu visible or not
2020-07-29 17:11:26 12861 INFO  [main] - Verify 'Sofa Set' text
2020-07-29 17:17:17 0 INFO  [main] - Open browser ,Entering appliction url and maximizing browser
2020-07-29 17:17:25 7806 INFO  [main] - Verify 'Living' Menu is visible or not
2020-07-29 17:17:25 7919 INFO  [main] - Verify 'Sofa Set' subMenu visible or not
2020-07-29 17:17:25 8022 INFO  [main] - Verify 'Sofa Set' text
2020-07-31 11:05:13 0 INFO  [main] - Open browser ,Entering appliction url and maximizing browser
2020-07-31 11:05:21 8384 INFO  [main] - Verify 'Living' Menu is visible or not
2020-07-31 11:05:22 8696 INFO  [main] - Verify 'Sofa Set' subMenu visible or not
2020-07-31 11:05:22 8880 INFO  [main] - Verify 'Sofa Set' text
2020-07-31 12:49:07 0 INFO  [main] - Open browser ,Entering appliction url and maximizing browser
2020-07-31 12:49:16 9219 INFO  [main] - Verify 'Living' Menu is visible or not
2020-07-31 12:49:17 9542 INFO  [main] - Verify 'Sofa Set' subMenu visible or not
2020-07-31 12:49:17 9811 INFO  [main] - Verify 'Sofa Set' text
2020-07-31 13:36:24 0 INFO  [main] - Open browser ,Entering appliction url and maximizing browser
2020-07-31 13:37:29 0 INFO  [main] - Open browser ,Entering appliction url and maximizing browser
2020-08-01 18:30:17 0 INFO  [main] - Open browser ,Entering appliction url and maximizing browser
2020-08-01 18:41:49 0 INFO  [main] - Open browser ,Entering appliction url and maximizing browser
2020-08-01 18:45:36 0 INFO  [main] - Open browser ,Entering appliction url and maximizing browser
2020-08-01 18:45:44 8016 INFO  [main] - Verify 'Bedroom' Menu is visible or not
2020-08-01 22:39:00 0 INFO  [main] - Open browser ,Entering appliction url and maximizing browser
2020-08-01 22:39:08 7797 INFO  [main] - Verify 'Bedroom' Menu is visible or not
2020-08-01 22:39:08 7942 INFO  [main] - Verify 'Beds' subMenu visible or not
2020-08-01 22:39:08 8171 INFO  [main] - Verify 'Beds' text
2020-08-01 22:43:38 0 INFO  [main] - Open browser ,Entering appliction url and maximizing browser
2020-08-01 22:43:45 7824 INFO  [main] - Verify 'Bedroom' Menu is visible or not
2020-08-01 22:43:45 7963 INFO  [main] - Verify 'Beds' subMenu visible or not
2020-08-01 22:43:46 8118 INFO  [main] - Verify 'Beds' text
2020-08-01 22:45:32 0 INFO  [main] - Open browser ,Entering appliction url and maximizing browser
2020-08-01 22:45:40 7828 INFO  [main] - Verify 'Bedroom' Menu is visible or not
2020-08-01 22:45:40 7980 INFO  [main] - Verify 'Beds' subMenu visible or not
2020-08-01 22:45:40 8150 INFO  [main] - Verify 'Beds' text
2020-08-01 23:29:06 1 INFO  [main] - Open browser ,Entering appliction url and maximizing browser
2020-08-01 23:29:14 7761 INFO  [main] - Verify 'Bedroom' Menu is visible or not
2020-08-01 23:29:14 7922 INFO  [main] - Verify 'Beds' subMenu visible or not
2020-08-01 23:29:14 8206 INFO  [main] - Verify 'Beds' text
2020-08-02 00:04:52 0 INFO  [main] - Open browser ,Entering appliction url and maximizing browser
2020-08-02 00:04:59 7468 INFO  [main] - Verify 'Bedroom' Menu is visible or not
2020-08-02 00:04:59 7625 INFO  [main] - Verify 'Beds' subMenu visible or not
2020-08-02 00:05:00 7947 INFO  [main] - Verify 'Beds' text
2020-08-02 00:06:44 0 INFO  [main] - Open browser ,Entering appliction url and maximizing browser
2020-08-02 00:06:51 7510 INFO  [main] - Verify 'Bedroom' Menu is visible or not
2020-08-02 00:06:51 7644 INFO  [main] - Verify 'Beds' subMenu visible or not
2020-08-02 00:06:52 7846 INFO  [main] - Verify 'Beds' text
2020-08-02 00:17:27 0 INFO  [main] - Open browser ,Entering appliction url and maximizing browser
2020-08-02 00:17:34 7333 INFO  [main] - Verify 'Bedroom' Menu is visible or not
2020-08-02 00:17:34 7481 INFO  [main] - Verify 'Beds' subMenu visible or not
2020-08-02 00:17:34 7671 INFO  [main] - Verify 'Beds' text
2020-08-02 00:17:35 8621 INFO  [main] - Verify 'Mattresses' subMenu visible or not
2020-08-02 00:23:13 0 INFO  [main] - Open browser ,Entering appliction url and maximizing browser
2020-08-02 00:23:21 7911 INFO  [main] - Verify 'Bedroom' Menu is visible or not
2020-08-02 00:23:21 8264 INFO  [main] - Verify 'Beds' subMenu visible or not
2020-08-02 00:23:22 8544 INFO  [main] - Verify 'Beds' text
2020-08-02 00:23:23 9482 INFO  [main] - Verify 'Mattresses' subMenu visible or not
2020-08-02 00:23:23 9560 INFO  [main] - Verify 'Mattresses' text
2020-08-02 00:24:48 0 INFO  [main] - Open browser ,Entering appliction url and maximizing browser
2020-08-02 00:26:05 0 INFO  [main] - Open browser ,Entering appliction url and maximizing browser
2020-08-02 00:27:39 0 INFO  [main] - Open browser ,Entering appliction url and maximizing browser
2020-08-02 00:27:47 7907 INFO  [main] - Verify 'Bedroom' Menu is visible or not
2020-08-02 00:27:47 8052 INFO  [main] - Verify 'Beds' subMenu visible or not
2020-08-02 00:27:47 8376 INFO  [main] - Verify 'Beds' text
2020-08-02 00:27:48 9361 INFO  [main] - Verify 'Mattresses' subMenu visible or not
2020-08-02 00:27:48 9425 INFO  [main] - Verify 'Mattresses' text
2020-08-02 00:30:11 0 INFO  [main] - Open browser ,Entering appliction url and maximizing browser
2020-08-02 00:30:19 8299 INFO  [main] - Verify 'Bedroom' Menu is visible or not
2020-08-02 00:30:20 8456 INFO  [main] - Verify 'Beds' subMenu visible or not
2020-08-02 00:30:20 9361 INFO  [main] - Verify 'Mattresses' subMenu visible or not
2020-08-02 00:32:02 0 INFO  [main] - Open browser ,Entering appliction url and maximizing browser
2020-08-02 00:32:09 7497 INFO  [main] - Verify 'Bedroom' Menu is visible or not
2020-08-02 00:32:10 8159 INFO  [main] - Verify 'Beds' subMenu visible or not
2020-08-02 00:32:10 8209 INFO  [main] - Verify 'Beds' text
2020-08-02 00:32:11 9121 INFO  [main] - Verify 'Mattresses' subMenu visible or not
2020-08-02 00:32:11 9217 INFO  [main] - Verify 'Mattresses' text
2020-08-02 00:39:39 0 INFO  [main] - Open browser ,Entering appliction url and maximizing browser
2020-08-02 00:39:47 7694 INFO  [main] - Verify 'Bedroom' Menu is visible or not
2020-08-02 00:39:47 8010 INFO  [main] - Verify 'Beds' subMenu visible or not
2020-08-02 00:39:47 8333 INFO  [main] - Verify 'Beds' text
2020-08-02 00:39:48 9421 INFO  [main] - Verify 'Mattresses' subMenu visible or not
2020-08-02 00:39:48 9483 INFO  [main] - Verify 'Mattresses' text
2020-08-02 16:56:40 0 INFO  [main] - Open browser ,Entering appliction url and maximizing browser
2020-08-02 16:56:48 7931 INFO  [main] - Verify 'Bedroom' Menu is visible or not
2020-08-02 16:56:48 8114 INFO  [main] - Verify 'Beds' subMenu visible or not
2020-08-02 16:56:49 8339 INFO  [main] - Verify 'Beds' text
2020-08-02 16:56:50 9263 INFO  [main] - Verify 'Mattresses' subMenu visible or not
2020-08-02 16:56:50 9342 INFO  [main] - Verify 'Mattresses' text
2020-08-02 17:06:51 0 INFO  [main] - Open browser ,Entering appliction url and maximizing browser
2020-08-02 17:06:59 7254 INFO  [main] - Verify 'Bedroom' Menu is visible or not
2020-08-02 17:06:59 7520 INFO  [main] - Verify 'Beds' subMenu visible or not
2020-08-02 17:06:59 7736 INFO  [main] - Verify 'Beds' text
2020-08-02 17:07:00 8785 INFO  [main] - Verify 'Mattresses' subMenu visible or not
2020-08-02 17:07:00 8898 INFO  [main] - Verify 'Mattresses' text
2020-08-02 17:07:55 0 INFO  [main] - Open browser ,Entering appliction url and maximizing browser
2020-08-02 17:08:03 7787 INFO  [main] - Verify 'Bedroom' Menu is visible or not
2020-08-02 17:08:03 7920 INFO  [main] - Verify 'Beds' subMenu visible or not
2020-08-02 17:08:03 8285 INFO  [main] - Verify 'Beds' text
2020-08-02 17:08:04 9171 INFO  [main] - Verify 'Mattresses' subMenu visible or not
2020-08-02 17:08:04 9234 INFO  [main] - Verify 'Mattresses' text
2020-08-02 17:09:48 0 INFO  [main] - Open browser ,Entering appliction url and maximizing browser
2020-08-02 17:09:56 7744 INFO  [main] - Verify 'Bedroom' Menu is visible or not
2020-08-02 17:09:56 8044 INFO  [main] - Verify 'Beds' subMenu visible or not
2020-08-02 17:09:56 8268 INFO  [main] - Verify 'Beds' text
2020-08-02 17:09:57 9138 INFO  [main] - Verify 'Mattresses' subMenu visible or not
2020-08-02 17:09:57 9200 INFO  [main] - Verify 'Mattresses' text
2020-08-02 17:10:48 0 INFO  [main] - Open browser ,Entering appliction url and maximizing browser
2020-08-02 17:10:55 7641 INFO  [main] - Verify 'Bedroom' Menu is visible or not
2020-08-02 17:10:55 7776 INFO  [main] - Verify 'Beds' subMenu visible or not
2020-08-02 17:10:56 7983 INFO  [main] - Verify 'Beds' text
2020-08-02 17:10:56 8895 INFO  [main] - Verify 'Mattresses' subMenu visible or not
2020-08-02 17:10:57 9006 INFO  [main] - Verify 'Mattresses' text
2020-08-02 17:19:24 0 INFO  [main] - Open browser ,Entering appliction url and maximizing browser
2020-08-02 17:19:31 7611 INFO  [main] - Verify 'Bedroom' Menu is visible or not
2020-08-02 17:19:32 7897 INFO  [main] - Verify 'Beds' subMenu visible or not
2020-08-02 17:19:32 8018 INFO  [main] - Verify 'Beds' text
2020-08-02 17:19:33 9147 INFO  [main] - Verify 'Mattresses' subMenu visible or not
2020-08-02 17:19:33 9219 INFO  [main] - Verify 'Mattresses' text
2020-08-02 17:20:47 0 INFO  [main] - Open browser ,Entering appliction url and maximizing browser
2020-08-02 17:20:55 7849 INFO  [main] - Verify 'Bedroom' Menu is visible or not
2020-08-02 17:20:56 8091 INFO  [main] - Verify 'Beds' subMenu visible or not
2020-08-02 17:20:56 8241 INFO  [main] - Verify 'Beds' text
2020-08-02 17:20:57 9142 INFO  [main] - Verify 'Mattresses' subMenu visible or not
2020-08-02 17:20:57 9206 INFO  [main] - Verify 'Mattresses' text
2020-08-02 17:23:59 0 INFO  [main] - Open browser ,Entering appliction url and maximizing browser
2020-08-02 17:24:06 7242 INFO  [main] - Verify 'Bedroom' Menu is visible or not
2020-08-02 17:24:06 7385 INFO  [main] - Verify 'Beds' subMenu visible or not
2020-08-02 17:24:07 8265 INFO  [main] - Verify 'Mattresses' subMenu visible or not
2020-08-02 17:25:27 0 INFO  [main] - Open browser ,Entering appliction url and maximizing browser
2020-08-02 17:25:35 7272 INFO  [main] - Verify 'Bedroom' Menu is visible or not
2020-08-02 17:25:35 7413 INFO  [main] - Verify 'Beds' subMenu visible or not
2020-08-02 17:25:35 7644 INFO  [main] - Verify 'Beds' text
2020-08-02 17:25:36 8647 INFO  [main] - Verify 'Mattresses' subMenu visible or not
2020-08-02 17:25:36 8873 INFO  [main] - Verify 'Mattresses' text
2020-08-02 17:45:06 0 INFO  [main] - Open browser ,Entering appliction url and maximizing browser
2020-08-02 17:45:13 7822 INFO  [main] - Verify 'Bedroom' Menu is visible or not
2020-08-02 17:45:14 8107 INFO  [main] - Verify 'Beds' subMenu visible or not
2020-08-02 17:45:14 8322 INFO  [main] - Verify 'Beds' text
2020-08-02 17:45:15 9275 INFO  [main] - Verify 'Mattresses' subMenu visible or not
2020-08-02 17:45:15 9346 INFO  [main] - Verify 'Mattresses' text
2020-08-02 17:51:23 0 INFO  [main] - Open browser ,Entering appliction url and maximizing browser
2020-08-02 17:51:30 7599 INFO  [main] - Verify 'Bedroom' Menu is visible or not
2020-08-02 17:51:30 7734 INFO  [main] - Verify 'Beds' subMenu visible or not
2020-08-02 17:51:31 7941 INFO  [main] - Verify 'Beds' text
2020-08-02 17:51:32 8910 INFO  [main] - Verify 'Mattresses' subMenu visible or not
2020-08-02 17:51:32 8991 INFO  [main] - Verify 'Mattresses' text
2020-08-03 19:22:22 0 INFO  [main] - Open browser ,Entering appliction url and maximizing browser
2020-08-03 19:22:50 28079 INFO  [main] - Verify 'Bedroom' Menu is visible or not
2020-08-03 19:22:51 29697 INFO  [main] - Verify 'Beds' subMenu visible or not
2020-08-03 19:22:52 30873 INFO  [main] - Verify 'Beds' text
2020-08-03 19:23:01 39393 INFO  [main] - Verify 'Mattresses' subMenu visible or not
2020-08-03 19:23:02 40850 INFO  [main] - Verify 'Mattresses' text
2020-08-03 20:29:35 0 INFO  [main] - Open browser ,Entering appliction url and maximizing browser
2020-08-03 20:29:43 7735 INFO  [main] - Verify 'Bedroom' Menu is visible or not
2020-08-03 20:29:43 7874 INFO  [main] - Verify 'Beds' subMenu visible or not
2020-08-03 20:29:43 8126 INFO  [main] - Verify 'Beds' text
2020-08-03 20:29:45 9246 INFO  [main] - Verify 'Mattresses' subMenu visible or not
2020-08-03 20:29:45 9364 INFO  [main] - Verify 'Mattresses' text
2020-08-03 20:32:56 0 INFO  [main] - Open browser ,Entering appliction url and maximizing browser
2020-08-03 20:33:04 7797 INFO  [main] - Verify 'Bedroom' Menu is visible or not
2020-08-03 20:33:04 8057 INFO  [main] - Verify 'Beds' subMenu visible or not
2020-08-03 20:33:04 8266 INFO  [main] - Verify 'Beds' text
2020-08-03 20:33:05 9148 INFO  [main] - Verify 'Mattresses' subMenu visible or not
2020-08-03 20:33:05 9218 INFO  [main] - Verify 'Mattresses' text
2020-08-04 17:53:19 0 INFO  [main] - Open browser ,Entering appliction url and maximizing browser
2020-08-04 17:53:25 6534 INFO  [main] - Verify 'Bedroom' Menu is visible or not
2020-08-04 17:53:25 6694 INFO  [main] - Verify 'Beds' subMenu visible or not
2020-08-04 17:53:26 6932 INFO  [main] - Verify 'Beds' text
2020-08-04 17:53:26 7791 INFO  [main] - Verify 'Mattresses' subMenu visible or not
2020-08-04 17:53:26 7863 INFO  [main] - Verify 'Mattresses' text
2020-08-04 17:54:06 0 INFO  [main] - Open browser ,Entering appliction url and maximizing browser
2020-08-04 17:54:14 7394 INFO  [main] - Verify 'Bedroom' Menu is visible or not
2020-08-04 17:54:14 7558 INFO  [main] - Verify 'Beds' subMenu visible or not
2020-08-04 17:54:14 7791 INFO  [main] - Verify 'Beds' text
2020-08-04 17:54:15 8807 INFO  [main] - Verify 'Mattresses' subMenu visible or not
2020-08-04 17:54:15 8888 INFO  [main] - Verify 'Mattresses' text
2020-08-04 17:55:39 0 INFO  [main] - Open browser ,Entering appliction url and maximizing browser
2020-08-04 17:55:47 8019 INFO  [main] - Verify 'Bedroom' Menu is visible or not
2020-08-04 17:55:47 8169 INFO  [main] - Verify 'Beds' subMenu visible or not
2020-08-04 17:55:47 8362 INFO  [main] - Verify 'Beds' text
2020-08-04 17:55:48 9304 INFO  [main] - Verify 'Mattresses' subMenu visible or not
2020-08-04 17:55:48 9365 INFO  [main] - Verify 'Mattresses' text
2020-08-04 18:03:11 0 INFO  [main] - Open browser ,Entering appliction url and maximizing browser
2020-08-04 18:03:19 7999 INFO  [main] - Verify 'Bedroom' Menu is visible or not
2020-08-04 18:03:19 8132 INFO  [main] - Verify 'Beds' subMenu visible or not
2020-08-04 18:03:19 8981 INFO  [main] - Verify 'Mattresses' subMenu visible or not
2020-08-04 18:05:40 0 INFO  [main] - Open browser ,Entering appliction url and maximizing browser
2020-08-04 18:05:48 8080 INFO  [main] - Verify 'Bedroom' Menu is visible or not
2020-08-04 18:05:48 8208 INFO  [main] - Verify 'Beds' subMenu visible or not
2020-08-04 18:05:49 8456 INFO  [main] - Verify 'Beds' text
2020-08-04 18:05:50 9385 INFO  [main] - Verify 'Mattresses' subMenu visible or not
2020-08-04 18:05:50 9447 INFO  [main] - Verify 'Mattresses' text
2020-08-04 18:07:09 0 INFO  [main] - Open browser ,Entering appliction url and maximizing browser
2020-08-04 18:07:17 8263 INFO  [main] - Verify 'Bedroom' Menu is visible or not
2020-08-04 18:07:17 8415 INFO  [main] - Verify 'Beds' subMenu visible or not
2020-08-04 18:07:17 8794 INFO  [main] - Verify 'Beds' text
2020-08-04 18:07:18 9716 INFO  [main] - Verify 'Mattresses' subMenu visible or not
2020-08-04 18:07:18 9804 INFO  [main] - Verify 'Mattresses' text
2020-08-04 18:13:05 0 INFO  [main] - Open browser ,Entering appliction url and maximizing browser
2020-08-04 18:13:13 7507 INFO  [main] - Verify 'Bedroom' Menu is visible or not
2020-08-04 18:13:13 7653 INFO  [main] - Verify 'Beds' subMenu visible or not
2020-08-04 18:13:13 7870 INFO  [main] - Verify 'Beds' text
2020-08-04 18:13:14 9065 INFO  [main] - Verify 'Mattresses' subMenu visible or not
2020-08-04 18:13:14 9142 INFO  [main] - Verify 'Mattresses' text
2020-08-04 18:15:28 0 INFO  [main] - Open browser ,Entering appliction url and maximizing browser
2020-08-04 18:15:35 7707 INFO  [main] - Verify 'Bedroom' Menu is visible or not
2020-08-04 18:15:35 7858 INFO  [main] - Verify 'Beds' subMenu visible or not
2020-08-04 18:15:36 8112 INFO  [main] - Verify 'Beds' text
2020-08-04 18:15:37 9133 INFO  [main] - Verify 'Mattresses' subMenu visible or not
2020-08-04 18:15:37 9211 INFO  [main] - Verify 'Mattresses' text
2020-08-04 18:26:10 0 INFO  [main] - Open browser ,Entering appliction url and maximizing browser
2020-08-04 18:26:18 7796 INFO  [main] - Verify 'Bedroom' Menu is visible or not
2020-08-04 18:26:18 7947 INFO  [main] - Verify 'Beds' subMenu visible or not
2020-08-04 18:26:19 8180 INFO  [main] - Verify 'Beds' text
2020-08-04 18:26:20 9211 INFO  [main] - Verify 'Mattresses' subMenu visible or not
2020-08-04 18:26:20 9268 INFO  [main] - Verify 'Mattresses' text
2020-08-04 18:28:49 0 INFO  [main] - Open browser ,Entering appliction url and maximizing browser
2020-08-04 18:28:56 7808 INFO  [main] - Verify 'Bedroom' Menu is visible or not
2020-08-04 18:28:57 8244 INFO  [main] - Verify 'Beds' subMenu visible or not
2020-08-04 18:28:57 8390 INFO  [main] - Verify 'Beds' text
2020-08-04 18:28:58 9305 INFO  [main] - Verify 'Mattresses' subMenu visible or not
2020-08-04 18:28:58 9370 INFO  [main] - Verify 'Mattresses' text
2020-08-04 18:48:51 0 INFO  [main] - Open browser ,Entering appliction url and maximizing browser
2020-08-04 18:48:58 6924 INFO  [main] - Verify 'Bedroom' Menu is visible or not
2020-08-04 18:48:58 7065 INFO  [main] - Verify 'Beds' subMenu visible or not
2020-08-04 18:48:58 7486 INFO  [main] - Verify 'Beds' text
2020-08-04 18:48:59 8301 INFO  [main] - Verify 'Mattresses' subMenu visible or not
2020-08-04 18:48:59 8362 INFO  [main] - Verify 'Mattresses' text
2020-08-04 18:50:49 0 INFO  [main] - Open browser ,Entering appliction url and maximizing browser
2020-08-04 18:50:56 7648 INFO  [main] - Verify 'Bedroom' Menu is visible or not
2020-08-04 18:50:56 7800 INFO  [main] - Verify 'Beds' subMenu visible or not
2020-08-04 18:50:57 8034 INFO  [main] - Verify 'Beds' text
2020-08-04 18:50:58 8967 INFO  [main] - Verify 'Mattresses' subMenu visible or not
2020-08-04 18:50:58 9030 INFO  [main] - Verify 'Mattresses' text
